<?xml version="1.0" encoding="UTF-8"?>
<testng-results skipped="0" failed="0" total="1" passed="1">
  <reporter-output>
  </reporter-output>
  <suite name="Default suite" duration-ms="4531" started-at="2021-01-26T21:21:18Z" finished-at="2021-01-26T21:21:22Z">
    <groups>
    </groups>
    <test name="Default test" duration-ms="4531" started-at="2021-01-26T21:21:18Z" finished-at="2021-01-26T21:21:22Z">
      <class name="com.qa.rest.tests.GetCallBDD">
        <test-method status="PASS" signature="test_numberOfCircuitsFor2017_Season()[pri:0, instance:com.qa.rest.tests.GetCallBDD@3a82f6ef]" name="test_numberOfCircuitsFor2017_Season" duration-ms="4465" started-at="2021-01-27T02:51:18Z" finished-at="2021-01-27T02:51:22Z">
          <reporter-output>
          </reporter-output>
        </test-method> <!-- test_numberOfCircuitsFor2017_Season -->
      </class> <!-- com.qa.rest.tests.GetCallBDD -->
    </test> <!-- Default test -->
  </suite> <!-- Default suite -->
</testng-results>
